
> app-data@1.0.0 dev
> nodemon src/index.js

[33m[nodemon] 3.1.11[39m
[33m[nodemon] to restart at any time, enter `rs`[39m
[33m[nodemon] watching path(s): *.*[39m
[33m[nodemon] watching extensions: js,mjs,cjs,json[39m
[32m[nodemon] starting `node src/index.js`[39m
[DEBUG] email-user-data-fixed route loaded
[DEBUG] Registering email routes...
[DEBUG] Registering email-user-data route...
[DEBUG] All email routes registered
🚀 App Data API server running on port 8000
📊 Health check: http://localhost:8000/health
🔗 API base URL: http://localhost:8000/api
Error getting job applications: error: relation "users" does not exist
    at /Users/kapilh/crflw/ai-auto-apply/appData/node_modules/pg-pool/index.js:45:11
    at process.processTicksAndRejections (node:internal/process/task_queues:95:5)
    at async User.findByFirebaseUid (/Users/kapilh/crflw/ai-auto-apply/appData/src/models/User.js:19:20)
    at async /Users/kapilh/crflw/ai-auto-apply/appData/src/routes/applications.js:11:18 {
  length: 104,
  severity: 'ERROR',
  code: '42P01',
  detail: undefined,
  hint: undefined,
  position: '15',
  internalPosition: undefined,
  internalQuery: undefined,
  where: undefined,
  schema: undefined,
  table: undefined,
  column: undefined,
  dataType: undefined,
  constraint: undefined,
  file: 'parse_relation.c',
  line: '1392',
  routine: 'parserOpenTable'
}
