
> frontend@0.1.0 start
> react-scripts start

(node:67752) [DEP_WEBPACK_DEV_SERVER_ON_AFTER_SETUP_MIDDLEWARE] DeprecationWarning: 'onAfterSetupMiddleware' option is deprecated. Please use the 'setupMiddlewares' option.
(Use `node --trace-deprecation ...` to show where the warning was created)
(node:67752) [DEP_WEBPACK_DEV_SERVER_ON_BEFORE_SETUP_MIDDLEWARE] DeprecationWarning: 'onBeforeSetupMiddleware' option is deprecated. Please use the 'setupMiddlewares' option.
Starting the development server...

Compiled successfully!

You can now view frontend in the browser.

  Local:            http://localhost:3000
  On Your Network:  http://192.168.1.2:3000

Note that the development build is not optimized.
To create a production build, use yarn build.

webpack compiled successfully
Files successfully emitted, waiting for typecheck results...
Issues checking in progress...
No issues found.
Compiling...
Compiled successfully!
webpack compiled successfully
ERROR in src/pages/JobsPage.tsx:15:31
TS2802: Type 'Set<string>' can only be iterated through when using the '--downlevelIteration' flag or with a '--target' of 'es2015' or higher.
    13 |   });
    14 |
  > 15 |   const uniqueCompanies = [...new Set(jobs.map(job => job.company))];
       |                               ^^^^^^^^^^^^^^^^^^^^^^^^^^^^^^^^^^^^^
    16 |
    17 |   if (loading) {
    18 |     return (

Compiling...
Compiled successfully!
webpack compiled successfully
No issues found.
